TN:
SF:src/app.ts
FN:26,(anonymous_1)
FN:37,init
FN:42,close
FNF:3
FNH:2
FNDA:1,(anonymous_1)
FNDA:11,init
FNDA:0,close
DA:1,11
DA:2,11
DA:3,11
DA:4,11
DA:6,11
DA:8,11
DA:10,11
DA:11,11
DA:22,11
DA:23,11
DA:26,1
DA:37,11
DA:38,11
DA:39,11
DA:42,11
DA:43,0
DA:46,11
LF:17
LH:16
BRF:0
BRH:0
end_of_record
TN:
SF:src/config/database.ts
FN:4,connectDb
FN:8,disconnectDB
FNF:2
FNH:1
FNDA:11,connectDb
FNDA:0,disconnectDB
DA:1,14
DA:4,14
DA:5,11
DA:8,14
DA:9,0
LF:5
LH:4
BRF:0
BRH:0
end_of_record
TN:
SF:src/config/envs.ts
FN:4,loadEnv
FNF:1
FNH:1
FNDA:25,loadEnv
DA:1,14
DA:2,14
DA:4,14
DA:6,25
DA:12,25
DA:13,25
LF:6
LH:6
BRDA:6,0,0,25
BRDA:6,0,1,0
BRDA:8,1,0,0
BRDA:8,1,1,0
BRF:4
BRH:1
end_of_record
TN:
SF:src/config/index.ts
FNF:0
FNH:0
DA:1,14
DA:2,14
LF:2
LH:2
BRF:0
BRH:0
end_of_record
TN:
SF:src/controllers/authentication-controller.ts
FN:4,singInPost
FNF:1
FNH:1
FNDA:5,singInPost
DA:1,11
DA:3,11
DA:4,11
DA:5,5
DA:7,5
DA:8,5
DA:10,2
DA:12,3
LF:8
LH:8
BRF:0
BRH:0
end_of_record
TN:
SF:src/controllers/booking-controller.ts
FN:6,findBooking
FN:36,createBooking
FN:71,changeRoomId
FNF:3
FNH:3
FNDA:2,findBooking
FNDA:10,createBooking
FNDA:10,changeRoomId
DA:2,11
DA:4,11
DA:6,11
DA:8,2
DA:10,2
DA:12,2
DA:14,2
DA:16,1
DA:23,1
DA:28,1
DA:29,0
DA:36,11
DA:38,10
DA:39,10
DA:41,10
DA:43,2
DA:46,8
DA:47,8
DA:49,8
DA:51,8
DA:54,1
DA:59,7
DA:60,1
DA:62,6
DA:63,6
DA:71,11
DA:73,10
DA:74,10
DA:75,10
DA:77,10
DA:79,3
DA:82,7
DA:83,7
DA:84,7
DA:86,7
DA:88,7
DA:90,1
DA:95,6
DA:96,2
DA:98,4
DA:99,4
LF:41
LH:40
BRDA:28,0,0,0
BRDA:41,1,0,2
BRDA:41,2,0,10
BRDA:41,2,1,8
BRDA:59,3,0,1
BRDA:62,4,0,6
BRDA:77,5,0,3
BRDA:77,6,0,10
BRDA:77,6,1,8
BRDA:77,6,2,7
BRDA:95,7,0,2
BRDA:98,8,0,4
BRF:12
BRH:11
end_of_record
TN:
SF:src/controllers/enrollments-controller.ts
FN:6,getEnrollmentByUser
FN:18,postCreateOrUpdateEnrollment
FN:31,getAddressFromCEP
FNF:3
FNH:3
FNDA:2,getEnrollmentByUser
FNDA:2,postCreateOrUpdateEnrollment
FNDA:2,getAddressFromCEP
DA:2,11
DA:4,11
DA:6,11
DA:7,2
DA:9,2
DA:10,2
DA:12,1
DA:14,1
DA:18,11
DA:19,2
DA:20,2
DA:25,1
DA:27,1
DA:31,11
DA:32,2
DA:34,2
DA:35,2
DA:36,1
DA:38,1
DA:39,1
LF:20
LH:20
BRDA:38,0,0,1
BRF:1
BRH:1
end_of_record
TN:
SF:src/controllers/events-controller.ts
FN:5,getDefaultEvent
FNF:1
FNH:1
FNDA:2,getDefaultEvent
DA:1,11
DA:3,11
DA:5,11
DA:6,2
DA:7,2
DA:8,1
DA:10,1
LF:7
LH:7
BRF:0
BRH:0
end_of_record
TN:
SF:src/controllers/hotel-controller.ts
FN:6,getHotels
FN:20,getHotelsWithRooms
FNF:2
FNH:2
FNDA:2,getHotels
FNDA:2,getHotelsWithRooms
DA:3,11
DA:4,11
DA:6,11
DA:7,2
DA:9,2
DA:10,2
DA:11,0
DA:13,2
DA:14,1
DA:16,1
DA:20,11
DA:21,2
DA:22,2
DA:24,2
DA:25,2
DA:27,0
DA:29,2
DA:30,2
DA:32,0
DA:33,0
DA:35,0
LF:21
LH:16
BRDA:13,0,0,1
BRDA:29,1,0,2
BRDA:32,2,0,0
BRF:3
BRH:2
end_of_record
TN:
SF:src/controllers/index.ts
FNF:0
FNH:0
DA:1,11
DA:2,11
DA:3,11
DA:4,11
DA:5,11
DA:6,11
DA:7,11
DA:8,11
LF:8
LH:8
BRF:0
BRH:0
end_of_record
TN:
SF:src/controllers/payments-controller.ts
FN:6,getPaymentByTicketId
FN:28,paymentProcess
FNF:2
FNH:2
FNDA:2,getPaymentByTicketId
FNDA:3,paymentProcess
DA:2,11
DA:4,11
DA:6,11
DA:7,2
DA:8,2
DA:9,2
DA:11,2
DA:12,1
DA:14,1
DA:16,0
DA:17,0
DA:19,0
DA:21,1
DA:22,0
DA:24,1
DA:28,11
DA:29,3
DA:30,3
DA:34,3
DA:36,3
DA:37,0
DA:39,3
DA:41,2
DA:42,0
DA:45,2
DA:47,1
DA:48,0
DA:50,1
LF:28
LH:21
BRDA:11,0,0,1
BRDA:16,1,0,0
BRDA:21,2,0,0
BRDA:36,3,0,0
BRDA:36,4,0,3
BRDA:36,4,1,3
BRDA:41,5,0,0
BRDA:47,6,0,0
BRF:8
BRH:3
end_of_record
TN:
SF:src/controllers/tickets-controller.ts
FN:6,getTicketTypes
FN:16,getTickets
FN:28,createTicket
FNF:3
FNH:3
FNDA:2,getTicketTypes
FNDA:1,getTickets
FNDA:2,createTicket
DA:2,11
DA:4,11
DA:6,11
DA:7,2
DA:8,2
DA:10,2
DA:12,0
DA:16,11
DA:17,1
DA:19,1
DA:20,1
DA:22,0
DA:24,1
DA:28,11
DA:29,2
DA:32,2
DA:34,2
DA:35,1
DA:38,1
DA:39,1
DA:41,0
DA:43,1
LF:22
LH:19
BRDA:34,0,0,1
BRF:1
BRH:1
end_of_record
TN:
SF:src/controllers/users-controller.ts
FN:5,usersPost
FNF:1
FNH:1
FNDA:6,usersPost
DA:1,11
DA:3,11
DA:5,11
DA:6,6
DA:8,6
DA:9,6
DA:10,2
DA:15,4
DA:16,1
DA:18,3
LF:10
LH:10
BRDA:15,0,0,1
BRF:1
BRH:1
end_of_record
TN:
SF:src/errors/cannot-enroll-before-start-date-error.ts
FN:3,cannotEnrollBeforeStartDateError
FNF:1
FNH:1
FNDA:3,cannotEnrollBeforeStartDateError
DA:3,11
DA:4,3
LF:2
LH:2
BRF:0
BRH:0
end_of_record
TN:
SF:src/errors/cannot-list-hotels-error.ts
FN:3,cannotListHotelsError
FNF:1
FNH:1
FNDA:1,cannotListHotelsError
DA:3,11
DA:4,1
LF:2
LH:2
BRF:0
BRH:0
end_of_record
TN:
SF:src/errors/conflict-error.ts
FN:3,conflictError
FNF:1
FNH:0
FNDA:0,conflictError
DA:3,11
DA:4,0
LF:2
LH:1
BRF:0
BRH:0
end_of_record
TN:
SF:src/errors/forbidden-error.ts
FN:3,forbidenError
FNF:1
FNH:1
FNDA:10,forbidenError
DA:3,11
DA:4,10
LF:2
LH:2
BRF:0
BRH:0
end_of_record
TN:
SF:src/errors/index.ts
FNF:0
FNH:0
DA:1,11
DA:2,11
DA:3,11
DA:4,11
DA:5,11
DA:6,11
DA:7,11
DA:8,11
LF:8
LH:8
BRF:0
BRH:0
end_of_record
TN:
SF:src/errors/invalid-data-error.ts
FN:3,invalidDataError
FNF:1
FNH:1
FNDA:7,invalidDataError
DA:3,11
DA:4,7
LF:2
LH:2
BRF:0
BRH:0
end_of_record
TN:
SF:src/errors/invalid-email-error.ts
FN:3,invalidEmailError
FNF:1
FNH:0
FNDA:0,invalidEmailError
DA:3,11
DA:4,0
LF:2
LH:1
BRF:0
BRH:0
end_of_record
TN:
SF:src/errors/not-found-error.ts
FN:3,notFoundError
FNF:1
FNH:1
FNDA:13,notFoundError
DA:3,11
DA:4,13
LF:2
LH:2
BRF:0
BRH:0
end_of_record
TN:
SF:src/errors/request-error.ts
FN:3,requestError
FNF:1
FNH:1
FNDA:1,requestError
DA:3,11
DA:4,1
LF:2
LH:2
BRF:0
BRH:0
end_of_record
TN:
SF:src/errors/unauthorized-error.ts
FN:3,unauthorizedError
FNF:1
FNH:1
FNDA:36,unauthorizedError
DA:3,11
DA:4,36
LF:2
LH:2
BRF:0
BRH:0
end_of_record
TN:
SF:src/middlewares/authentication-middleware.ts
FN:8,authenticateToken
FN:33,generateUnauthorizedResponse
FNF:2
FNH:2
FNDA:79,authenticateToken
FNDA:36,generateUnauthorizedResponse
DA:2,11
DA:3,11
DA:5,11
DA:6,11
DA:8,11
DA:9,79
DA:10,79
DA:12,67
DA:13,67
DA:15,67
DA:16,67
DA:18,55
DA:23,55
DA:25,43
DA:27,43
DA:29,12
DA:34,36
LF:17
LH:17
BRDA:10,0,0,12
BRDA:13,1,0,0
BRDA:23,2,0,12
BRF:3
BRH:2
end_of_record
TN:
SF:src/middlewares/error-handling-middleware.ts
FN:5,handleApplicationErrors
FNF:1
FNH:0
FNDA:0,handleApplicationErrors
DA:3,11
DA:5,11
DA:6,0
DA:7,0
DA:12,0
DA:13,0
DA:18,0
DA:19,0
DA:24,0
DA:25,0
DA:30,0
DA:31,0
DA:37,0
DA:38,0
LF:14
LH:2
BRDA:6,0,0,0
BRDA:12,1,0,0
BRDA:12,2,0,0
BRDA:12,2,1,0
BRDA:18,3,0,0
BRDA:24,4,0,0
BRDA:30,5,0,0
BRF:7
BRH:0
end_of_record
TN:
SF:src/middlewares/index.ts
FNF:0
FNH:0
DA:1,11
DA:2,11
DA:3,11
LF:3
LH:3
BRF:0
BRH:0
end_of_record
TN:
SF:src/middlewares/validation-middleware.ts
FN:6,validateBody
FN:10,validateParams
FN:14,validate
FN:15,(anonymous_4)
FN:23,(anonymous_5)
FNF:5
FNH:4
FNDA:33,validateBody
FNDA:0,validateParams
FNDA:33,validate
FNDA:20,(anonymous_4)
FNDA:23,(anonymous_5)
DA:1,11
DA:3,11
DA:6,11
DA:7,33
DA:10,11
DA:11,0
DA:15,33
DA:16,20
DA:20,20
DA:21,13
DA:23,23
LF:11
LH:10
BRDA:20,0,0,13
BRDA:20,0,1,7
BRF:2
BRH:2
end_of_record
TN:
SF:src/repositories/address-repository/index.ts
FN:4,upsert
FNF:1
FNH:1
FNDA:1,upsert
DA:1,11
DA:5,1
DA:20,11
DA:24,11
LF:4
LH:4
BRF:0
BRH:0
end_of_record
TN:
SF:src/repositories/booking-repository/index.ts
FN:3,retrieveBooking
FN:21,insertBooking
FN:34,updateBooking
FN:49,retrieveBookingByBookingId
FNF:4
FNH:4
FNDA:1,retrieveBooking
FNDA:1,insertBooking
FNDA:1,updateBooking
FNDA:2,retrieveBookingByBookingId
DA:1,11
DA:6,1
DA:17,1
DA:23,1
DA:30,1
DA:36,1
DA:45,1
DA:51,2
DA:55,2
DA:59,11
DA:66,11
LF:11
LH:11
BRF:0
BRH:0
end_of_record
TN:
SF:src/repositories/enrollment-repository/index.ts
FN:4,findWithAddressByUserId
FN:13,findById
FN:19,findByUserId
FN:29,upsert
FNF:4
FNH:4
FNDA:8,findWithAddressByUserId
FNDA:2,findById
FNDA:15,findByUserId
FNDA:2,upsert
DA:1,11
DA:5,8
DA:14,2
DA:21,15
DA:25,15
DA:34,2
DA:46,11
DA:53,11
LF:8
LH:8
BRF:0
BRH:0
end_of_record
TN:
SF:src/repositories/event-repository/index.ts
FN:3,findFirst
FNF:1
FNH:1
FNDA:11,findFirst
DA:1,11
DA:4,11
DA:7,11
DA:11,11
LF:4
LH:4
BRF:0
BRH:0
end_of_record
TN:
SF:src/repositories/hotel-repository/index.ts
FN:3,findHotels
FN:7,findRoomsByHotelId
FNF:2
FNH:1
FNDA:0,findHotels
FNDA:1,findRoomsByHotelId
DA:1,11
DA:4,0
DA:8,1
DA:18,11
DA:23,11
LF:5
LH:4
BRF:0
BRH:0
end_of_record
TN:
SF:src/repositories/payment-repository/index.ts
FN:4,findPaymentByTicketId
FN:15,createPayment
FNF:2
FNH:2
FNDA:6,findPaymentByTicketId
FNDA:2,createPayment
DA:1,11
DA:6,6
DA:12,6
DA:16,2
DA:26,11
DA:31,11
LF:6
LH:6
BRF:0
BRH:0
end_of_record
TN:
SF:src/repositories/room-repository/index.ts
FN:3,findRoomById
FNF:1
FNH:1
FNDA:7,findRoomById
DA:1,11
DA:5,7
DA:14,7
DA:18,11
DA:22,11
LF:5
LH:5
BRF:0
BRH:0
end_of_record
TN:
SF:src/repositories/session-repository/index.ts
FN:4,create
FNF:1
FNH:1
FNDA:5,create
DA:1,11
DA:5,5
DA:10,11
DA:14,11
LF:4
LH:4
BRF:0
BRH:0
end_of_record
TN:
SF:src/repositories/ticket-repository/index.ts
FN:4,findTicketTypes
FN:8,findTickeyById
FN:18,findTickeWithTypeById
FN:29,findTicketByEnrollmentId
FN:40,createTicket
FN:48,ticketProcessPayment
FNF:6
FNH:5
FNDA:2,findTicketTypes
FNDA:4,findTickeyById
FNDA:2,findTickeWithTypeById
FNDA:15,findTicketByEnrollmentId
FNDA:0,createTicket
FNDA:2,ticketProcessPayment
DA:1,11
DA:2,11
DA:5,2
DA:9,4
DA:19,2
DA:30,15
DA:41,0
DA:49,2
DA:61,11
DA:70,11
LF:10
LH:9
BRF:0
BRH:0
end_of_record
TN:
SF:src/repositories/user-repository/index.ts
FN:4,findByEmail
FN:18,create
FN:24,findById
FNF:3
FNH:3
FNDA:15,findByEmail
FNDA:4,create
FNDA:7,findById
DA:1,11
DA:5,15
DA:11,15
DA:12,9
DA:15,15
DA:19,4
DA:26,7
DA:38,11
DA:44,11
LF:9
LH:9
BRDA:11,0,0,9
BRF:1
BRH:1
end_of_record
TN:
SF:src/routers/authentication-router.ts
FNF:0
FNH:0
DA:1,11
DA:2,11
DA:3,11
DA:4,11
DA:6,11
DA:8,11
DA:10,11
LF:7
LH:7
BRF:0
BRH:0
end_of_record
TN:
SF:src/routers/booking-router.ts
FNF:0
FNH:0
DA:1,11
DA:2,11
DA:3,11
DA:5,11
DA:7,11
DA:13,11
LF:6
LH:6
BRF:0
BRH:0
end_of_record
TN:
SF:src/routers/enrollments-router.ts
FNF:0
FNH:0
DA:1,11
DA:2,11
DA:3,11
DA:4,11
DA:6,11
DA:8,11
DA:14,11
LF:7
LH:7
BRF:0
BRH:0
end_of_record
TN:
SF:src/routers/events-router.ts
FNF:0
FNH:0
DA:1,11
DA:2,11
DA:4,11
DA:6,11
DA:8,11
LF:5
LH:5
BRF:0
BRH:0
end_of_record
TN:
SF:src/routers/hotels-router.ts
FNF:0
FNH:0
DA:1,11
DA:2,11
DA:3,11
DA:5,11
DA:7,11
DA:12,11
LF:6
LH:6
BRF:0
BRH:0
end_of_record
TN:
SF:src/routers/index.ts
FNF:0
FNH:0
DA:1,11
DA:2,11
DA:3,11
DA:4,11
DA:5,11
DA:6,11
DA:7,11
DA:8,11
LF:8
LH:8
BRF:0
BRH:0
end_of_record
TN:
SF:src/routers/payments-router.ts
FNF:0
FNH:0
DA:1,11
DA:2,11
DA:3,11
DA:5,11
DA:7,11
DA:12,11
LF:6
LH:6
BRF:0
BRH:0
end_of_record
TN:
SF:src/routers/tickets-router.ts
FNF:0
FNH:0
DA:1,11
DA:2,11
DA:3,11
DA:5,11
DA:7,11
DA:13,11
LF:6
LH:6
BRF:0
BRH:0
end_of_record
TN:
SF:src/routers/users-router.ts
FNF:0
FNH:0
DA:1,11
DA:3,11
DA:4,11
DA:5,11
DA:7,11
DA:9,11
DA:11,11
LF:7
LH:7
BRF:0
BRH:0
end_of_record
TN:
SF:src/schemas/authentication-schemas.ts
FNF:0
FNH:0
DA:2,14
DA:4,14
LF:2
LH:2
BRF:0
BRH:0
end_of_record
TN:
SF:src/schemas/enrollments-schemas.ts
FN:23,(anonymous_1)
FN:30,joiCpfValidation
FN:40,JoiCepValidation
FN:50,joiMobilePhoneValidation
FNF:4
FNH:4
FNDA:378,(anonymous_1)
FNDA:29,joiCpfValidation
FNDA:19,JoiCepValidation
FNDA:23,joiMobilePhoneValidation
DA:2,14
DA:3,14
DA:5,14
DA:7,14
DA:9,14
DA:11,14
DA:23,378
DA:31,29
DA:33,29
DA:34,1
DA:37,28
DA:41,19
DA:43,19
DA:44,1
DA:47,18
DA:51,23
DA:53,23
DA:54,0
DA:57,23
LF:19
LH:18
BRDA:31,0,0,0
BRDA:33,1,0,1
BRDA:41,2,0,0
BRDA:43,3,0,1
BRDA:51,4,0,0
BRDA:53,5,0,0
BRF:6
BRH:2
end_of_record
TN:
SF:src/schemas/index.ts
FNF:0
FNH:0
DA:1,14
DA:2,14
DA:3,14
LF:3
LH:3
BRF:0
BRH:0
end_of_record
TN:
SF:src/schemas/users-schemas.ts
FNF:0
FNH:0
DA:2,14
DA:4,14
LF:2
LH:2
BRF:0
BRH:0
end_of_record
TN:
SF:src/services/authentication-service/errors.ts
FN:3,invalidCredentialsError
FNF:1
FNH:1
FNDA:6,invalidCredentialsError
DA:3,11
DA:4,6
LF:2
LH:2
BRF:0
BRH:0
end_of_record
TN:
SF:src/services/authentication-service/index.ts
FN:9,signIn
FN:24,getUserOrFail
FN:31,createSession
FN:41,validatePasswordOrFail
FNF:4
FNH:4
FNDA:9,signIn
FNDA:9,getUserOrFail
FNDA:5,createSession
FNDA:7,validatePasswordOrFail
DA:1,11
DA:2,11
DA:3,11
DA:5,11
DA:6,11
DA:7,11
DA:10,9
DA:12,9
DA:14,7
DA:16,5
DA:18,4
DA:25,9
DA:26,9
DA:28,7
DA:32,5
DA:33,5
DA:38,4
DA:42,7
DA:43,7
DA:55,11
DA:59,11
DA:60,11
LF:22
LH:22
BRDA:26,0,0,2
BRDA:43,1,0,2
BRF:2
BRH:2
end_of_record
TN:
SF:src/services/booking-service/index.ts
FN:9,getBooking
FN:26,postBooking
FN:65,changeBooking
FNF:3
FNH:3
FNDA:2,getBooking
FNDA:8,postBooking
FNDA:7,changeBooking
DA:1,11
DA:2,11
DA:3,11
DA:4,11
DA:5,11
DA:6,11
DA:7,11
DA:11,2
DA:13,2
DA:15,1
DA:17,1
DA:20,0
DA:21,0
DA:29,8
DA:31,8
DA:32,1
DA:35,7
DA:38,7
DA:39,1
DA:42,6
DA:44,6
DA:45,3
DA:48,3
DA:50,3
DA:51,1
DA:54,2
DA:55,1
DA:59,1
DA:61,1
DA:67,7
DA:69,7
DA:71,1
DA:74,6
DA:76,6
DA:78,1
DA:82,5
DA:84,5
DA:87,1
DA:91,4
DA:93,4
DA:95,1
DA:98,3
DA:101,1
DA:104,2
DA:106,2
DA:107,1
DA:111,1
DA:113,1
DA:117,11
DA:123,11
LF:50
LH:48
BRDA:13,0,0,1
BRDA:20,1,0,0
BRDA:31,2,0,1
BRDA:38,3,0,1
BRDA:44,4,0,3
BRDA:44,5,0,6
BRDA:44,5,1,4
BRDA:44,5,2,4
BRDA:50,6,0,1
BRDA:54,7,0,1
BRDA:69,8,0,1
BRDA:76,9,0,1
BRDA:84,10,0,1
BRDA:93,11,0,1
BRDA:98,12,0,1
BRDA:106,13,0,1
BRF:16
BRH:15
end_of_record
TN:
SF:src/services/enrollments-service/index.ts
FN:9,getAddressFromCEP
FN:35,getOneWithAddressByUserId
FN:51,getFirstAddress
FN:59,createOrUpdateEnrollmentWithAddress
FN:75,getAddressForUpsert
FNF:5
FNH:5
FNDA:4,getAddressFromCEP
FNDA:2,getOneWithAddressByUserId
FNDA:1,getFirstAddress
FNDA:2,createOrUpdateEnrollmentWithAddress
FNDA:2,getAddressForUpsert
DA:2,11
DA:3,11
DA:4,11
DA:5,11
DA:6,11
DA:10,4
DA:12,4
DA:13,1
DA:22,3
DA:24,3
DA:32,3
DA:36,2
DA:38,2
DA:40,1
DA:41,1
DA:43,1
DA:52,1
DA:54,1
DA:60,2
DA:61,2
DA:65,2
DA:66,2
DA:67,0
DA:70,2
DA:72,1
DA:76,2
DA:86,11
DA:92,11
LF:28
LH:27
BRDA:12,0,0,1
BRDA:38,1,0,1
BRDA:45,2,0,1
BRDA:45,2,1,1
BRDA:52,3,0,0
BRDA:66,4,0,0
BRDA:78,5,0,2
BRDA:78,5,1,2
BRF:8
BRH:6
end_of_record
TN:
SF:src/services/events-service/index.ts
FN:7,getFirstEvent
FN:16,isCurrentEventActive
FNF:2
FNH:2
FNDA:2,getFirstEvent
FNDA:9,isCurrentEventActive
DA:1,11
DA:2,11
DA:3,11
DA:5,11
DA:8,2
DA:9,2
DA:11,1
DA:17,9
DA:18,9
DA:20,7
DA:21,7
DA:22,7
DA:24,7
DA:27,11
DA:32,11
LF:15
LH:15
BRDA:9,0,0,1
BRDA:18,1,0,2
BRDA:24,2,0,7
BRDA:24,2,1,6
BRF:4
BRH:4
end_of_record
TN:
SF:src/services/hotels-service/index.ts
FN:7,listHotels
FN:21,getHotels
FN:28,getHotelsWithRooms
FNF:3
FNH:3
FNDA:4,listHotels
FNDA:2,getHotels
FNDA:2,getHotelsWithRooms
DA:1,11
DA:2,11
DA:3,11
DA:4,11
DA:5,11
DA:9,4
DA:10,4
DA:11,2
DA:14,2
DA:16,2
DA:17,1
DA:22,2
DA:24,0
DA:25,0
DA:29,2
DA:30,1
DA:32,1
DA:33,1
DA:35,0
DA:38,11
DA:43,11
LF:21
LH:18
BRDA:10,0,0,2
BRDA:16,1,0,1
BRDA:16,2,0,2
BRDA:16,2,1,2
BRDA:16,2,2,2
BRDA:16,2,3,1
BRDA:32,3,0,1
BRF:7
BRH:7
end_of_record
TN:
SF:src/services/payments-service/index.ts
FN:6,verifyTicketAndEnrollment
FN:19,getPaymentByTicketId
FN:30,paymentProcess
FNF:3
FNH:3
FNDA:4,verifyTicketAndEnrollment
FNDA:1,getPaymentByTicketId
FNDA:3,paymentProcess
DA:1,11
DA:2,11
DA:3,11
DA:4,11
DA:7,4
DA:9,4
DA:10,2
DA:12,2
DA:14,2
DA:15,0
DA:20,1
DA:22,0
DA:24,0
DA:25,0
DA:27,0
DA:31,3
DA:33,2
DA:35,2
DA:42,2
DA:44,2
DA:46,2
DA:57,11
DA:62,11
LF:23
LH:18
BRDA:9,0,0,2
BRDA:14,1,0,0
BRDA:24,2,0,0
BRF:3
BRH:1
end_of_record
TN:
SF:src/services/tickets-service/index.ts
FN:6,getTicketTypes
FN:15,getTicketByUserId
FN:28,createTicket
FNF:3
FNH:3
FNDA:2,getTicketTypes
FNDA:1,getTicketByUserId
FNDA:1,createTicket
DA:1,11
DA:2,11
DA:3,11
DA:4,11
DA:7,2
DA:9,2
DA:10,0
DA:12,2
DA:16,1
DA:17,1
DA:18,1
DA:20,0
DA:21,0
DA:22,0
DA:25,0
DA:29,1
DA:30,1
DA:31,1
DA:34,0
DA:40,0
DA:42,0
DA:44,0
DA:47,11
DA:53,11
LF:24
LH:15
BRDA:9,0,0,0
BRDA:17,1,0,1
BRDA:21,2,0,0
BRDA:30,3,0,1
BRF:4
BRH:2
end_of_record
TN:
SF:src/services/users-service/errors.ts
FN:3,duplicatedEmailError
FNF:1
FNH:1
FNDA:4,duplicatedEmailError
DA:3,11
DA:4,4
LF:2
LH:2
BRF:0
BRH:0
end_of_record
TN:
SF:src/services/users-service/index.ts
FN:8,createUser
FN:20,validateUniqueEmailOrFail
FN:27,canEnrollOrFail
FNF:3
FNH:3
FNDA:9,createUser
FNDA:6,validateUniqueEmailOrFail
FNDA:9,canEnrollOrFail
DA:1,11
DA:2,11
DA:4,11
DA:5,11
DA:6,11
DA:8,11
DA:9,9
DA:11,6
DA:13,4
DA:14,4
DA:21,6
DA:22,6
DA:23,2
DA:28,9
DA:29,9
DA:30,3
DA:36,11
DA:40,11
DA:41,11
LF:19
LH:19
BRDA:22,0,0,2
BRDA:29,1,0,3
BRF:2
BRH:2
end_of_record
TN:
SF:src/utils/cep-service.ts
FN:4,getAddress
FNF:1
FNH:1
FNDA:4,getAddress
DA:2,11
DA:5,4
DA:6,4
DA:10,11
LF:4
LH:4
BRF:0
BRH:0
end_of_record
TN:
SF:src/utils/prisma-utils.ts
FN:1,exclude
FNF:1
FNH:1
FNDA:11,exclude
DA:1,11
DA:2,11
DA:3,11
DA:4,17
DA:6,11
LF:5
LH:5
BRF:0
BRH:0
end_of_record
TN:
SF:src/utils/request.ts
FN:4,get
FNF:1
FNH:1
FNDA:4,get
DA:1,11
DA:2,11
DA:5,4
DA:6,4
DA:7,3
DA:12,1
DA:14,1
DA:18,11
LF:8
LH:8
BRF:0
BRH:0
end_of_record
TN:
SF:tests/helpers.ts
FN:8,cleanDb
FN:22,generateValidToken
FNF:2
FNH:2
FNDA:87,cleanDb
FNDA:58,generateValidToken
DA:1,10
DA:4,10
DA:5,10
DA:6,10
DA:8,10
DA:9,87
DA:10,87
DA:11,87
DA:12,87
DA:13,85
DA:14,85
DA:15,85
DA:16,85
DA:17,85
DA:18,85
DA:19,85
DA:22,10
DA:23,58
DA:24,58
DA:26,58
DA:28,58
LF:21
LH:21
BRDA:23,0,0,58
BRDA:23,0,1,9
BRF:2
BRH:2
end_of_record
TN:
SF:tests/factories/booking-factory.ts
FN:4,createBooking
FN:17,createBookingWithWrongUserId
FN:30,createManyBookings
FNF:3
FNH:3
FNDA:4,createBooking
FNDA:1,createBookingWithWrongUserId
FNDA:2,createManyBookings
DA:2,10
DA:4,10
DA:6,4
DA:13,4
DA:17,10
DA:19,1
DA:26,1
DA:30,10
DA:31,2
DA:48,2
LF:10
LH:10
BRF:0
BRH:0
end_of_record
TN:
SF:tests/factories/enrollments-factory.ts
FN:8,createEnrollmentWithAddress
FN:35,createhAddressWithCEP
FNF:2
FNH:2
FNDA:38,createEnrollmentWithAddress
FNDA:1,createhAddressWithCEP
DA:1,10
DA:2,10
DA:5,10
DA:6,10
DA:8,10
DA:9,38
DA:11,38
DA:35,10
DA:36,1
LF:9
LH:9
BRDA:9,0,0,38
BRDA:9,0,1,0
BRF:2
BRH:1
end_of_record
TN:
SF:tests/factories/events-factory.ts
FN:6,createEvent
FNF:1
FNH:1
FNDA:4,createEvent
DA:1,10
DA:2,10
DA:4,10
DA:6,10
DA:7,4
LF:5
LH:5
BRDA:6,0,0,3
BRDA:9,1,0,4
BRDA:9,1,1,4
BRDA:10,2,0,4
BRDA:10,2,1,4
BRDA:11,3,0,4
BRDA:11,3,1,4
BRDA:12,4,0,4
BRDA:12,4,1,3
BRDA:13,5,0,4
BRDA:13,5,1,4
BRF:11
BRH:11
end_of_record
TN:
SF:tests/factories/hotels-factory.ts
FN:5,createHotel
FN:14,createRoomWithHotelId
FN:24,createManyRoomsWithHotelId
FNF:3
FNH:2
FNDA:10,createHotel
FNDA:8,createRoomWithHotelId
FNDA:0,createManyRoomsWithHotelId
DA:1,10
DA:2,10
DA:5,10
DA:6,10
DA:14,10
DA:15,8
DA:24,10
DA:26,0
DA:41,0
DA:43,0
LF:10
LH:7
BRF:0
BRH:0
end_of_record
TN:
SF:tests/factories/index.ts
FNF:0
FNH:0
DA:1,10
DA:2,10
DA:3,10
DA:4,10
DA:5,10
DA:6,10
DA:7,10
DA:8,10
LF:8
LH:8
BRF:0
BRH:0
end_of_record
TN:
SF:tests/factories/payments-factory.ts
FN:4,createPayment
FN:15,generateCreditCardData
FNF:2
FNH:2
FNDA:10,createPayment
FNDA:3,generateCreditCardData
DA:1,10
DA:2,10
DA:4,10
DA:5,10
DA:15,10
DA:16,3
DA:18,3
LF:7
LH:7
BRF:0
BRH:0
end_of_record
TN:
SF:tests/factories/sessions-factory.ts
FN:5,createSession
FNF:1
FNH:1
FNDA:58,createSession
DA:2,10
DA:3,10
DA:5,10
DA:6,58
DA:8,58
LF:5
LH:5
BRF:0
BRH:0
end_of_record
TN:
SF:tests/factories/tickets-factory.ts
FN:5,createTicketType
FN:16,createTicketTypeRemote
FN:27,createTicketTypeWithNoHotel
FN:38,createTicketTypeWithHotel
FN:49,createTicket
FNF:5
FNH:5
FNDA:6,createTicketType
FNDA:5,createTicketTypeRemote
FNDA:1,createTicketTypeWithNoHotel
FNDA:10,createTicketTypeWithHotel
FNDA:17,createTicket
DA:1,10
DA:2,10
DA:5,10
DA:6,6
DA:16,10
DA:17,5
DA:27,10
DA:28,1
DA:38,10
DA:39,10
DA:49,10
DA:50,17
LF:12
LH:12
BRF:0
BRH:0
end_of_record
TN:
SF:tests/factories/users-factory.ts
FN:6,createUser
FNF:1
FNH:1
FNDA:138,createUser
DA:1,10
DA:2,10
DA:4,10
DA:6,10
DA:7,138
DA:8,138
DA:10,138
LF:7
LH:7
BRDA:6,0,0,130
BRDA:7,1,0,138
BRDA:7,1,1,130
BRDA:12,2,0,138
BRDA:12,2,1,130
BRF:5
BRH:5
end_of_record
